2026-05-06 11:15:01 [restartedMain] INFO  org.apache.coyote.http11.Http11NioProtocol - Starting ProtocolHandler ["http-nio-8080"]
2026-05-06 11:15:01 [restartedMain] INFO  com.example.ecoProj.EcoProjApplication - Started EcoProjApplication in 21.318 seconds (process running for 26.253)
2026-05-06 11:15:35 [http-nio-8080-exec-1] INFO  org.apache.catalina.core.ContainerBase.[Tomcat].[localhost].[/] - Initializing Spring DispatcherServlet 'dispatcherServlet'
2026-05-06 11:15:37 [http-nio-8080-exec-1] INFO  com.example.ecoProj.Controller.UserController - Login attempt for email: dewan@gmail.com
2026-05-06 11:15:37 [http-nio-8080-exec-1] INFO  com.example.ecoProj.Service.UserService - Authenticating user: dewan@gmail.com
2026-05-06 11:15:39 [http-nio-8080-exec-1] INFO  com.example.ecoProj.Service.MyUserDetailsService - Loading user by email: dewan@gmail.com
2026-05-06 11:15:39 [http-nio-8080-exec-1] DEBUG com.example.ecoProj.model.MyUserDetail - Loading authorities for user: dewan@gmail.com
2026-05-06 11:15:39 [http-nio-8080-exec-1] DEBUG com.example.ecoProj.model.MyUserDetail - Adding permission: GET:/api/products
2026-05-06 11:15:39 [http-nio-8080-exec-1] DEBUG com.example.ecoProj.model.MyUserDetail - Adding permission: GET:/api/products/**
2026-05-06 11:15:39 [http-nio-8080-exec-1] DEBUG com.example.ecoProj.model.MyUserDetail - Adding permission: GET:/profile
2026-05-06 11:15:39 [http-nio-8080-exec-1] DEBUG com.example.ecoProj.model.MyUserDetail - Total authorities assigned: 4
2026-05-06 11:15:39 [http-nio-8080-exec-1] INFO  com.example.ecoProj.Service.UserService - User authenticated successfully: dewan@gmail.com
2026-05-06 11:15:39 [http-nio-8080-exec-1] INFO  com.example.ecoProj.Service.JwtService - Generating JWT token for user: dewan@gmail.com
2026-05-06 11:15:40 [http-nio-8080-exec-1] DEBUG com.example.ecoProj.Service.JwtService - Generating signing key from secret
2026-05-06 11:15:40 [http-nio-8080-exec-1] DEBUG com.example.ecoProj.Service.JwtService - JWT token generated successfully for user: dewan@gmail.com
2026-05-06 11:16:06 [http-nio-8080-exec-3] DEBUG com.example.ecoProj.Service.JwtService - Extracting username from token
2026-05-06 11:16:06 [http-nio-8080-exec-3] DEBUG com.example.ecoProj.Service.JwtService - Generating signing key from secret
2026-05-06 11:16:06 [http-nio-8080-exec-3] INFO  com.example.ecoProj.config.JwtFilter - JWT found for user: dewan@gmail.com
2026-05-06 11:16:06 [http-nio-8080-exec-3] INFO  com.example.ecoProj.Service.MyUserDetailsService - Loading user by email: dewan@gmail.com
2026-05-06 11:16:07 [http-nio-8080-exec-3] INFO  com.example.ecoProj.Service.JwtService - Validating token for user: dewan@gmail.com
2026-05-06 11:16:07 [http-nio-8080-exec-3] DEBUG com.example.ecoProj.Service.JwtService - Extracting username from token
2026-05-06 11:16:07 [http-nio-8080-exec-3] DEBUG com.example.ecoProj.Service.JwtService - Generating signing key from secret
2026-05-06 11:16:07 [http-nio-8080-exec-3] DEBUG com.example.ecoProj.Service.JwtService - Extracting expiration from token
2026-05-06 11:16:07 [http-nio-8080-exec-3] DEBUG com.example.ecoProj.Service.JwtService - Generating signing key from secret
2026-05-06 11:16:07 [http-nio-8080-exec-3] INFO  com.example.ecoProj.Service.JwtService - Token is valid for user: dewan@gmail.com
2026-05-06 11:16:07 [http-nio-8080-exec-3] DEBUG com.example.ecoProj.model.MyUserDetail - Loading authorities for user: dewan@gmail.com
2026-05-06 11:16:07 [http-nio-8080-exec-3] DEBUG com.example.ecoProj.model.MyUserDetail - Adding permission: GET:/api/products
2026-05-06 11:16:07 [http-nio-8080-exec-3] DEBUG com.example.ecoProj.model.MyUserDetail - Adding permission: GET:/api/products/**
2026-05-06 11:16:07 [http-nio-8080-exec-3] DEBUG com.example.ecoProj.model.MyUserDetail - Adding permission: GET:/profile
2026-05-06 11:16:07 [http-nio-8080-exec-3] DEBUG com.example.ecoProj.model.MyUserDetail - Total authorities assigned: 4
2026-05-06 11:16:07 [http-nio-8080-exec-3] INFO  com.example.ecoProj.config.JwtFilter - User authenticated via JWT: dewan@gmail.com
2026-05-06 11:16:07 [http-nio-8080-exec-3] DEBUG com.example.ecoProj.config.JwtFilter - Checking permission: GET:/api/products
2026-05-06 11:16:07 [http-nio-8080-exec-3] INFO  com.example.ecoProj.Controller.ProductController - Fetching all products
2026-05-06 11:16:07 [http-nio-8080-exec-3] DEBUG com.example.ecoProj.Controller.ProductController - Total products fetched: 0
2026-05-06 11:16:37 [http-nio-8080-exec-4] DEBUG com.example.ecoProj.Service.JwtService - Extracting username from token
2026-05-06 11:16:37 [http-nio-8080-exec-4] DEBUG com.example.ecoProj.Service.JwtService - Generating signing key from secret
2026-05-06 11:16:37 [http-nio-8080-exec-4] INFO  com.example.ecoProj.config.JwtFilter - JWT found for user: dewan@gmail.com
2026-05-06 11:16:37 [http-nio-8080-exec-4] INFO  com.example.ecoProj.Service.MyUserDetailsService - Loading user by email: dewan@gmail.com
2026-05-06 11:16:37 [http-nio-8080-exec-4] INFO  com.example.ecoProj.Service.JwtService - Validating token for user: dewan@gmail.com
2026-05-06 11:16:37 [http-nio-8080-exec-4] DEBUG com.example.ecoProj.Service.JwtService - Extracting username from token
2026-05-06 11:16:37 [http-nio-8080-exec-4] DEBUG com.example.ecoProj.Service.JwtService - Generating signing key from secret
2026-05-06 11:16:37 [http-nio-8080-exec-4] DEBUG com.example.ecoProj.Service.JwtService - Extracting expiration from token
2026-05-06 11:16:37 [http-nio-8080-exec-4] DEBUG com.example.ecoProj.Service.JwtService - Generating signing key from secret
2026-05-06 11:16:37 [http-nio-8080-exec-4] INFO  com.example.ecoProj.Service.JwtService - Token is valid for user: dewan@gmail.com
2026-05-06 11:16:37 [http-nio-8080-exec-4] DEBUG com.example.ecoProj.model.MyUserDetail - Loading authorities for user: dewan@gmail.com
2026-05-06 11:16:37 [http-nio-8080-exec-4] DEBUG com.example.ecoProj.model.MyUserDetail - Adding permission: GET:/api/products
2026-05-06 11:16:37 [http-nio-8080-exec-4] DEBUG com.example.ecoProj.model.MyUserDetail - Adding permission: GET:/api/products/**
2026-05-06 11:16:37 [http-nio-8080-exec-4] DEBUG com.example.ecoProj.model.MyUserDetail - Adding permission: GET:/profile
2026-05-06 11:16:37 [http-nio-8080-exec-4] DEBUG com.example.ecoProj.model.MyUserDetail - Total authorities assigned: 4
2026-05-06 11:16:37 [http-nio-8080-exec-4] INFO  com.example.ecoProj.config.JwtFilter - User authenticated via JWT: dewan@gmail.com
2026-05-06 11:16:37 [http-nio-8080-exec-4] DEBUG com.example.ecoProj.config.JwtFilter - Checking permission: GET:/profile
2026-05-06 11:16:37 [http-nio-8080-exec-4] INFO  com.example.ecoProj.Controller.UserController - Profile endpoint accessed
2026-05-06 11:16:53 [http-nio-8080-exec-5] DEBUG com.example.ecoProj.Service.JwtService - Extracting username from token
2026-05-06 11:16:53 [http-nio-8080-exec-5] DEBUG com.example.ecoProj.Service.JwtService - Generating signing key from secret
2026-05-06 11:16:53 [http-nio-8080-exec-5] INFO  com.example.ecoProj.config.JwtFilter - JWT found for user: dewan@gmail.com
2026-05-06 11:16:53 [http-nio-8080-exec-5] INFO  com.example.ecoProj.Service.MyUserDetailsService - Loading user by email: dewan@gmail.com
2026-05-06 11:16:53 [http-nio-8080-exec-5] INFO  com.example.ecoProj.Service.JwtService - Validating token for user: dewan@gmail.com
2026-05-06 11:16:53 [http-nio-8080-exec-5] DEBUG com.example.ecoProj.Service.JwtService - Extracting username from token
2026-05-06 11:16:53 [http-nio-8080-exec-5] DEBUG com.example.ecoProj.Service.JwtService - Generating signing key from secret
2026-05-06 11:16:53 [http-nio-8080-exec-5] DEBUG com.example.ecoProj.Service.JwtService - Extracting expiration from token
2026-05-06 11:16:53 [http-nio-8080-exec-5] DEBUG com.example.ecoProj.Service.JwtService - Generating signing key from secret
2026-05-06 11:16:53 [http-nio-8080-exec-5] INFO  com.example.ecoProj.Service.JwtService - Token is valid for user: dewan@gmail.com
2026-05-06 11:16:53 [http-nio-8080-exec-5] DEBUG com.example.ecoProj.model.MyUserDetail - Loading authorities for user: dewan@gmail.com
2026-05-06 11:16:53 [http-nio-8080-exec-5] DEBUG com.example.ecoProj.model.MyUserDetail - Adding permission: GET:/api/products
2026-05-06 11:16:53 [http-nio-8080-exec-5] DEBUG com.example.ecoProj.model.MyUserDetail - Adding permission: GET:/api/products/**
2026-05-06 11:16:53 [http-nio-8080-exec-5] DEBUG com.example.ecoProj.model.MyUserDetail - Adding permission: GET:/profile
2026-05-06 11:16:53 [http-nio-8080-exec-5] DEBUG com.example.ecoProj.model.MyUserDetail - Total authorities assigned: 4
2026-05-06 11:16:53 [http-nio-8080-exec-5] INFO  com.example.ecoProj.config.JwtFilter - User authenticated via JWT: dewan@gmail.com
2026-05-06 11:16:53 [http-nio-8080-exec-5] DEBUG com.example.ecoProj.config.JwtFilter - Checking permission: GET:/delete-user
2026-05-06 11:16:53 [http-nio-8080-exec-5] WARN  com.example.ecoProj.config.JwtFilter - Access denied for user: dewan@gmail.com on GET:/delete-user
