2026-05-04 17:30:04 [http-nio-8080-exec-3] DEBUG com.example.ecoProj.Service.JwtService - Extracting username from token
2026-05-04 17:30:04 [http-nio-8080-exec-3] DEBUG com.example.ecoProj.Service.JwtService - Generating signing key from secret
2026-05-04 17:30:04 [http-nio-8080-exec-3] INFO  com.example.ecoProj.config.JwtFilter - JWT found for user: dewan@gmail.com
2026-05-04 17:30:04 [http-nio-8080-exec-3] INFO  com.example.ecoProj.Service.MyUserDetailsService - Loading user by email: dewan@gmail.com
2026-05-04 17:30:04 [http-nio-8080-exec-3] INFO  com.example.ecoProj.Service.JwtService - Validating token for user: dewan@gmail.com
2026-05-04 17:30:04 [http-nio-8080-exec-3] DEBUG com.example.ecoProj.Service.JwtService - Extracting username from token
2026-05-04 17:30:04 [http-nio-8080-exec-3] DEBUG com.example.ecoProj.Service.JwtService - Generating signing key from secret
2026-05-04 17:30:04 [http-nio-8080-exec-3] DEBUG com.example.ecoProj.Service.JwtService - Extracting expiration from token
2026-05-04 17:30:04 [http-nio-8080-exec-3] DEBUG com.example.ecoProj.Service.JwtService - Generating signing key from secret
2026-05-04 17:30:04 [http-nio-8080-exec-3] INFO  com.example.ecoProj.Service.JwtService - Token is valid for user: dewan@gmail.com
2026-05-04 17:30:04 [http-nio-8080-exec-3] DEBUG com.example.ecoProj.model.MyUserDetail - Loading authorities for user: dewan@gmail.com
2026-05-04 17:30:04 [http-nio-8080-exec-3] DEBUG com.example.ecoProj.model.MyUserDetail - Assigning role: USER
2026-05-04 17:30:04 [http-nio-8080-exec-3] DEBUG com.example.ecoProj.model.MyUserDetail - Adding permission: GET:/profile
2026-05-04 17:30:04 [http-nio-8080-exec-3] DEBUG com.example.ecoProj.model.MyUserDetail - Adding permission: GET:/api/products
2026-05-04 17:30:04 [http-nio-8080-exec-3] DEBUG com.example.ecoProj.model.MyUserDetail - Adding permission: GET:/api/products/**
2026-05-04 17:30:04 [http-nio-8080-exec-3] DEBUG com.example.ecoProj.model.MyUserDetail - Total authorities assigned: 4
2026-05-04 17:30:04 [http-nio-8080-exec-3] INFO  com.example.ecoProj.config.JwtFilter - User authenticated via JWT: dewan@gmail.com
2026-05-04 17:30:04 [http-nio-8080-exec-3] DEBUG com.example.ecoProj.config.JwtFilter - Checking permission: GET:/api/product
2026-05-04 17:30:04 [http-nio-8080-exec-3] WARN  com.example.ecoProj.config.JwtFilter - Access denied for user: dewan@gmail.com on GET:/api/product
2026-05-04 17:30:29 [tomcat-shutdown] INFO  org.apache.coyote.http11.Http11NioProtocol - Pausing ProtocolHandler ["http-nio-8080"]
2026-05-04 17:30:30 [Thread-28] INFO  org.apache.coyote.http11.Http11NioProtocol - Stopping ProtocolHandler ["http-nio-8080"]
2026-05-04 17:30:30 [Thread-28] INFO  com.zaxxer.hikari.HikariDataSource - HikariPool-8 - Shutdown initiated...
2026-05-04 17:30:30 [Thread-28] INFO  com.zaxxer.hikari.HikariDataSource - HikariPool-8 - Shutdown completed.
2026-05-04 17:30:30 [restartedMain] INFO  com.example.ecoProj.EcoProjApplication - Starting EcoProjApplication using Java 17.0.12 with PID 10940 (C:\Users\Java Intern\Downloads\ecoProj\target\classes started by Java Intern in C:\Users\Java Intern\Downloads\ecoProj)
2026-05-04 17:30:30 [restartedMain] DEBUG com.example.ecoProj.EcoProjApplication - Running with Spring Boot v4.0.5, Spring v7.0.6
2026-05-04 17:30:30 [restartedMain] INFO  com.example.ecoProj.EcoProjApplication - No active profile set, falling back to 1 default profile: "default"
2026-05-04 17:30:30 [restartedMain] INFO  org.apache.coyote.http11.Http11NioProtocol - Initializing ProtocolHandler ["http-nio-8080"]
2026-05-04 17:30:30 [restartedMain] INFO  org.apache.catalina.core.StandardService - Starting service [Tomcat]
2026-05-04 17:30:30 [restartedMain] INFO  org.apache.catalina.core.StandardEngine - Starting Servlet engine: [Apache Tomcat/11.0.20]
2026-05-04 17:30:31 [restartedMain] INFO  org.hibernate.orm.jpa - HHH008540: Processing PersistenceUnitInfo [name: default]
2026-05-04 17:30:31 [restartedMain] INFO  com.zaxxer.hikari.HikariDataSource - HikariPool-9 - Starting...
2026-05-04 17:30:31 [restartedMain] INFO  com.zaxxer.hikari.pool.HikariPool - HikariPool-9 - Added connection com.mysql.cj.jdbc.ConnectionImpl@26b2b00f
2026-05-04 17:30:31 [restartedMain] INFO  com.zaxxer.hikari.HikariDataSource - HikariPool-9 - Start completed.
2026-05-04 17:30:31 [restartedMain] WARN  org.hibernate.orm.deprecation - HHH90000025: MySQLDialect does not need to be specified explicitly using 'hibernate.dialect' (remove the property setting and it will be selected by default)
2026-05-04 17:30:31 [restartedMain] INFO  org.hibernate.orm.connections.pooling - HHH10001005: Database info:
	Database JDBC URL [jdbc:mysql://localhost:3306/ecoProjDB]
	Database driver: MySQL Connector/J
	Database dialect: MySQLDialect
	Database version: 8.0.45
	Default catalog/schema: ecoProjDB/undefined
	Autocommit mode: undefined/unknown
	Isolation level: REPEATABLE_READ [default REPEATABLE_READ]
	JDBC fetch size: none
	Pool: DataSourceConnectionProvider
	Minimum pool size: undefined/unknown
	Maximum pool size: undefined/unknown
2026-05-04 17:30:31 [restartedMain] INFO  org.hibernate.orm.core - HHH000489: No JTA platform available (set 'hibernate.transaction.jta.platform' to enable JTA platform integration)
2026-05-04 17:30:31 [restartedMain] DEBUG com.example.ecoProj.config.JwtFilter - Filter 'jwtFilter' configured for use
2026-05-04 17:30:31 [restartedMain] WARN  org.springframework.security.config.annotation.authentication.configuration.InitializeUserDetailsBeanManagerConfigurer$InitializeUserDetailsManagerConfigurer - Global AuthenticationManager configured with an AuthenticationProvider bean. UserDetailsService beans will not be used by Spring Security for automatically configuring username/password login. Consider removing the AuthenticationProvider bean. Alternatively, consider using the UserDetailsService in a manually instantiated DaoAuthenticationProvider. If the current configuration is intentional, to turn off this warning, increase the logging level of 'org.springframework.security.config.annotation.authentication.configuration.InitializeUserDetailsBeanManagerConfigurer' to ERROR
2026-05-04 17:30:31 [restartedMain] WARN  org.springframework.boot.jpa.autoconfigure.JpaBaseConfiguration$JpaWebConfiguration - spring.jpa.open-in-view is enabled by default. Therefore, database queries may be performed during view rendering. Explicitly configure spring.jpa.open-in-view to disable this warning
2026-05-04 17:30:32 [restartedMain] INFO  org.apache.coyote.http11.Http11NioProtocol - Starting ProtocolHandler ["http-nio-8080"]
2026-05-04 17:30:32 [restartedMain] INFO  com.example.ecoProj.EcoProjApplication - Started EcoProjApplication in 2.048 seconds (process running for 9368.31)
2026-05-04 17:30:41 [http-nio-8080-exec-2] INFO  org.apache.catalina.core.ContainerBase.[Tomcat-1].[localhost].[/] - Initializing Spring DispatcherServlet 'dispatcherServlet'
2026-05-04 17:30:41 [http-nio-8080-exec-2] DEBUG com.example.ecoProj.Service.JwtService - Extracting username from token
2026-05-04 17:30:41 [http-nio-8080-exec-2] DEBUG com.example.ecoProj.Service.JwtService - Generating signing key from secret
2026-05-04 17:30:41 [http-nio-8080-exec-2] INFO  com.example.ecoProj.config.JwtFilter - JWT found for user: dewan@gmail.com
2026-05-04 17:30:41 [http-nio-8080-exec-2] INFO  com.example.ecoProj.Service.MyUserDetailsService - Loading user by email: dewan@gmail.com
2026-05-04 17:30:41 [http-nio-8080-exec-2] INFO  com.example.ecoProj.Service.JwtService - Validating token for user: dewan@gmail.com
2026-05-04 17:30:41 [http-nio-8080-exec-2] DEBUG com.example.ecoProj.Service.JwtService - Extracting username from token
2026-05-04 17:30:41 [http-nio-8080-exec-2] DEBUG com.example.ecoProj.Service.JwtService - Generating signing key from secret
2026-05-04 17:30:41 [http-nio-8080-exec-2] DEBUG com.example.ecoProj.Service.JwtService - Extracting expiration from token
2026-05-04 17:30:41 [http-nio-8080-exec-2] DEBUG com.example.ecoProj.Service.JwtService - Generating signing key from secret
2026-05-04 17:30:41 [http-nio-8080-exec-2] INFO  com.example.ecoProj.Service.JwtService - Token is valid for user: dewan@gmail.com
2026-05-04 17:30:41 [http-nio-8080-exec-2] DEBUG com.example.ecoProj.model.MyUserDetail - Loading authorities for user: dewan@gmail.com
2026-05-04 17:30:41 [http-nio-8080-exec-2] DEBUG com.example.ecoProj.model.MyUserDetail - Assigning role: USER
2026-05-04 17:30:41 [http-nio-8080-exec-2] DEBUG com.example.ecoProj.model.MyUserDetail - Adding permission: GET:/profile
2026-05-04 17:30:41 [http-nio-8080-exec-2] DEBUG com.example.ecoProj.model.MyUserDetail - Adding permission: GET:/api/products
2026-05-04 17:30:41 [http-nio-8080-exec-2] DEBUG com.example.ecoProj.model.MyUserDetail - Adding permission: GET:/api/products/**
2026-05-04 17:30:41 [http-nio-8080-exec-2] DEBUG com.example.ecoProj.model.MyUserDetail - Total authorities assigned: 4
2026-05-04 17:30:41 [http-nio-8080-exec-2] INFO  com.example.ecoProj.config.JwtFilter - User authenticated via JWT: dewan@gmail.com
2026-05-04 17:30:41 [http-nio-8080-exec-2] DEBUG com.example.ecoProj.config.JwtFilter - Checking permission: GET:/api/products
2026-05-04 17:30:41 [http-nio-8080-exec-2] INFO  com.example.ecoProj.Controller.ProductController - Fetching all products
2026-05-04 17:30:41 [http-nio-8080-exec-2] DEBUG com.example.ecoProj.Controller.ProductController - Total products fetched: 0
