2026-05-06 11:21:41 [tomcat-shutdown] INFO  org.apache.coyote.http11.Http11NioProtocol - Pausing ProtocolHandler ["http-nio-8080"]
2026-05-06 11:21:42 [Thread-1] INFO  org.apache.coyote.http11.Http11NioProtocol - Stopping ProtocolHandler ["http-nio-8080"]
2026-05-06 11:21:42 [Thread-1] INFO  com.zaxxer.hikari.HikariDataSource - HikariPool-1 - Shutdown initiated...
2026-05-06 11:21:42 [Thread-1] INFO  com.zaxxer.hikari.HikariDataSource - HikariPool-1 - Shutdown completed.
2026-05-06 11:21:42 [restartedMain] INFO  com.example.ecoProj.EcoProjApplication - Starting EcoProjApplication using Java 17.0.12 with PID 11468 (C:\Users\Java Intern\Downloads\ecoProj\target\classes started by Java Intern in C:\Users\Java Intern\Downloads\ecoProj)
2026-05-06 11:21:42 [restartedMain] DEBUG com.example.ecoProj.EcoProjApplication - Running with Spring Boot v4.0.5, Spring v7.0.6
2026-05-06 11:21:42 [restartedMain] INFO  com.example.ecoProj.EcoProjApplication - No active profile set, falling back to 1 default profile: "default"
2026-05-06 11:21:43 [restartedMain] INFO  org.apache.coyote.http11.Http11NioProtocol - Initializing ProtocolHandler ["http-nio-8080"]
2026-05-06 11:21:43 [restartedMain] INFO  org.apache.catalina.core.StandardService - Starting service [Tomcat]
2026-05-06 11:21:43 [restartedMain] INFO  org.apache.catalina.core.StandardEngine - Starting Servlet engine: [Apache Tomcat/11.0.20]
2026-05-06 11:21:43 [restartedMain] INFO  org.hibernate.orm.jpa - HHH008540: Processing PersistenceUnitInfo [name: default]
2026-05-06 11:21:43 [restartedMain] INFO  com.zaxxer.hikari.HikariDataSource - HikariPool-2 - Starting...
2026-05-06 11:21:44 [restartedMain] INFO  com.zaxxer.hikari.pool.HikariPool - HikariPool-2 - Added connection com.mysql.cj.jdbc.ConnectionImpl@42fc364f
2026-05-06 11:21:44 [restartedMain] INFO  com.zaxxer.hikari.HikariDataSource - HikariPool-2 - Start completed.
2026-05-06 11:21:44 [restartedMain] INFO  org.hibernate.orm.connections.pooling - HHH10001005: Database info:
	Database JDBC URL [jdbc:mysql://localhost:3306/ecoProj_v2]
	Database driver: MySQL Connector/J
	Database dialect: MySQLDialect
	Database version: 8.0.45
	Default catalog/schema: ecoProj_v2/undefined
	Autocommit mode: undefined/unknown
	Isolation level: REPEATABLE_READ [default REPEATABLE_READ]
	JDBC fetch size: none
	Pool: DataSourceConnectionProvider
	Minimum pool size: undefined/unknown
	Maximum pool size: undefined/unknown
2026-05-06 11:21:44 [restartedMain] INFO  org.hibernate.orm.core - HHH000489: No JTA platform available (set 'hibernate.transaction.jta.platform' to enable JTA platform integration)
2026-05-06 11:21:44 [restartedMain] WARN  org.springframework.boot.web.server.servlet.context.AnnotationConfigServletWebServerApplicationContext - Exception encountered during context initialization - cancelling refresh attempt: org.springframework.beans.factory.BeanCreationException: Error creating bean with name 'securityConfig' defined in file [C:\Users\Java Intern\Downloads\ecoProj\target\classes\com\example\ecoProj\config\SecurityConfig.class]: Post-processing of merged bean definition failed
2026-05-06 11:21:44 [restartedMain] INFO  com.zaxxer.hikari.HikariDataSource - HikariPool-2 - Shutdown initiated...
2026-05-06 11:21:44 [restartedMain] INFO  com.zaxxer.hikari.HikariDataSource - HikariPool-2 - Shutdown completed.
2026-05-06 11:21:44 [restartedMain] INFO  org.apache.catalina.core.StandardService - Stopping service [Tomcat]
2026-05-06 11:21:45 [restartedMain] ERROR org.springframework.boot.SpringApplication - Application run failed
org.springframework.beans.factory.BeanCreationException: Error creating bean with name 'securityConfig' defined in file [C:\Users\Java Intern\Downloads\ecoProj\target\classes\com\example\ecoProj\config\SecurityConfig.class]: Post-processing of merged bean definition failed
	at org.springframework.beans.factory.support.AbstractAutowireCapableBeanFactory.doCreateBean(AbstractAutowireCapableBeanFactory.java:580)
	at org.springframework.beans.factory.support.AbstractAutowireCapableBeanFactory.createBean(AbstractAutowireCapableBeanFactory.java:525)
	at org.springframework.beans.factory.support.AbstractBeanFactory.lambda$doGetBean$0(AbstractBeanFactory.java:333)
	at org.springframework.beans.factory.support.DefaultSingletonBeanRegistry.getSingleton(DefaultSingletonBeanRegistry.java:371)
	at org.springframework.beans.factory.support.AbstractBeanFactory.doGetBean(AbstractBeanFactory.java:331)
	at org.springframework.beans.factory.support.AbstractBeanFactory.getBean(AbstractBeanFactory.java:196)
	at org.springframework.beans.factory.support.DefaultListableBeanFactory.instantiateSingleton(DefaultListableBeanFactory.java:1218)
	at org.springframework.beans.factory.support.DefaultListableBeanFactory.preInstantiateSingleton(DefaultListableBeanFactory.java:1184)
	at org.springframework.beans.factory.support.DefaultListableBeanFactory.preInstantiateSingletons(DefaultListableBeanFactory.java:1121)
	at org.springframework.context.support.AbstractApplicationContext.finishBeanFactoryInitialization(AbstractApplicationContext.java:994)
	at org.springframework.context.support.AbstractApplicationContext.refresh(AbstractApplicationContext.java:621)
	at org.springframework.boot.web.server.servlet.context.ServletWebServerApplicationContext.refresh(ServletWebServerApplicationContext.java:143)
	at org.springframework.boot.SpringApplication.refresh(SpringApplication.java:756)
	at org.springframework.boot.SpringApplication.refreshContext(SpringApplication.java:445)
	at org.springframework.boot.SpringApplication.run(SpringApplication.java:321)
	at org.springframework.boot.SpringApplication.run(SpringApplication.java:1365)
	at org.springframework.boot.SpringApplication.run(SpringApplication.java:1354)
	at com.example.ecoProj.EcoProjApplication.main(EcoProjApplication.java:10)
	at java.base/jdk.internal.reflect.NativeMethodAccessorImpl.invoke0(Native Method)
	at java.base/jdk.internal.reflect.NativeMethodAccessorImpl.invoke(NativeMethodAccessorImpl.java:77)
	at java.base/jdk.internal.reflect.DelegatingMethodAccessorImpl.invoke(DelegatingMethodAccessorImpl.java:43)
	at java.base/java.lang.reflect.Method.invoke(Method.java:568)
	at org.springframework.boot.devtools.restart.RestartLauncher.run(RestartLauncher.java:52)
Caused by: java.lang.IllegalStateException: Failed to introspect Class [com.example.ecoProj.config.SecurityConfig] from ClassLoader [org.springframework.boot.devtools.restart.classloader.RestartClassLoader@22c0fd19]
	at org.springframework.util.ReflectionUtils.getDeclaredFields(ReflectionUtils.java:756)
	at org.springframework.util.ReflectionUtils.doWithLocalFields(ReflectionUtils.java:689)
	at org.springframework.orm.jpa.support.PersistenceAnnotationBeanPostProcessor.buildPersistenceMetadata(PersistenceAnnotationBeanPostProcessor.java:430)
	at org.springframework.orm.jpa.support.PersistenceAnnotationBeanPostProcessor.findPersistenceMetadata(PersistenceAnnotationBeanPostProcessor.java:411)
	at org.springframework.orm.jpa.support.PersistenceAnnotationBeanPostProcessor.findInjectionMetadata(PersistenceAnnotationBeanPostProcessor.java:370)
	at org.springframework.orm.jpa.support.PersistenceAnnotationBeanPostProcessor.postProcessMergedBeanDefinition(PersistenceAnnotationBeanPostProcessor.java:347)
	at org.springframework.beans.factory.support.AbstractAutowireCapableBeanFactory.applyMergedBeanDefinitionPostProcessors(AbstractAutowireCapableBeanFactory.java:1114)
	at org.springframework.beans.factory.support.AbstractAutowireCapableBeanFactory.doCreateBean(AbstractAutowireCapableBeanFactory.java:577)
	... 22 more
Caused by: java.lang.NoClassDefFoundError: com/example/ecoProj/config/JwtFilter
	at java.base/java.lang.Class.getDeclaredFields0(Native Method)
	at java.base/java.lang.Class.privateGetDeclaredFields(Class.java:3297)
	at java.base/java.lang.Class.getDeclaredFields(Class.java:2371)
	at org.springframework.util.ReflectionUtils.getDeclaredFields(ReflectionUtils.java:751)
	... 29 more
Caused by: java.lang.ClassNotFoundException: com.example.ecoProj.config.JwtFilter
	at java.base/jdk.internal.loader.BuiltinClassLoader.loadClass(BuiltinClassLoader.java:641)
	at java.base/jdk.internal.loader.ClassLoaders$AppClassLoader.loadClass(ClassLoaders.java:188)
	at java.base/java.lang.ClassLoader.loadClass(ClassLoader.java:525)
	at java.base/java.lang.Class.forName0(Native Method)
	at java.base/java.lang.Class.forName(Class.java:467)
	at org.springframework.boot.devtools.restart.classloader.RestartClassLoader.loadClass(RestartClassLoader.java:123)
	at java.base/java.lang.ClassLoader.loadClass(ClassLoader.java:525)
	... 33 more
2026-05-06 11:21:50 [restartedMain] INFO  com.example.ecoProj.EcoProjApplication - Starting EcoProjApplication using Java 17.0.12 with PID 11468 (C:\Users\Java Intern\Downloads\ecoProj\target\classes started by Java Intern in C:\Users\Java Intern\Downloads\ecoProj)
2026-05-06 11:21:50 [restartedMain] DEBUG com.example.ecoProj.EcoProjApplication - Running with Spring Boot v4.0.5, Spring v7.0.6
2026-05-06 11:21:50 [restartedMain] INFO  com.example.ecoProj.EcoProjApplication - No active profile set, falling back to 1 default profile: "default"
2026-05-06 11:21:52 [restartedMain] INFO  org.apache.coyote.http11.Http11NioProtocol - Initializing ProtocolHandler ["http-nio-8080"]
2026-05-06 11:21:52 [restartedMain] INFO  org.apache.catalina.core.StandardService - Starting service [Tomcat]
2026-05-06 11:21:52 [restartedMain] INFO  org.apache.catalina.core.StandardEngine - Starting Servlet engine: [Apache Tomcat/11.0.20]
2026-05-06 11:21:55 [restartedMain] INFO  org.hibernate.orm.jpa - HHH008540: Processing PersistenceUnitInfo [name: default]
2026-05-06 11:21:56 [restartedMain] INFO  com.zaxxer.hikari.HikariDataSource - HikariPool-3 - Starting...
2026-05-06 11:21:56 [restartedMain] INFO  com.zaxxer.hikari.pool.HikariPool - HikariPool-3 - Added connection com.mysql.cj.jdbc.ConnectionImpl@6e9f3b8c
2026-05-06 11:21:56 [restartedMain] INFO  com.zaxxer.hikari.HikariDataSource - HikariPool-3 - Start completed.
2026-05-06 11:21:56 [restartedMain] INFO  org.hibernate.orm.connections.pooling - HHH10001005: Database info:
	Database JDBC URL [jdbc:mysql://localhost:3306/ecoProj_v2]
	Database driver: MySQL Connector/J
	Database dialect: MySQLDialect
	Database version: 8.0.45
	Default catalog/schema: ecoProj_v2/undefined
	Autocommit mode: undefined/unknown
	Isolation level: REPEATABLE_READ [default REPEATABLE_READ]
	JDBC fetch size: none
	Pool: DataSourceConnectionProvider
	Minimum pool size: undefined/unknown
	Maximum pool size: undefined/unknown
2026-05-06 11:22:07 [restartedMain] INFO  org.hibernate.orm.core - HHH000489: No JTA platform available (set 'hibernate.transaction.jta.platform' to enable JTA platform integration)
2026-05-06 11:22:08 [restartedMain] DEBUG com.example.ecoProj.config.JwtFilter - Filter 'jwtFilter' configured for use
2026-05-06 11:22:08 [restartedMain] WARN  org.springframework.security.config.annotation.authentication.configuration.InitializeUserDetailsBeanManagerConfigurer$InitializeUserDetailsManagerConfigurer - Global AuthenticationManager configured with an AuthenticationProvider bean. UserDetailsService beans will not be used by Spring Security for automatically configuring username/password login. Consider removing the AuthenticationProvider bean. Alternatively, consider using the UserDetailsService in a manually instantiated DaoAuthenticationProvider. If the current configuration is intentional, to turn off this warning, increase the logging level of 'org.springframework.security.config.annotation.authentication.configuration.InitializeUserDetailsBeanManagerConfigurer' to ERROR
2026-05-06 11:22:08 [restartedMain] WARN  org.springframework.boot.jpa.autoconfigure.JpaBaseConfiguration$JpaWebConfiguration - spring.jpa.open-in-view is enabled by default. Therefore, database queries may be performed during view rendering. Explicitly configure spring.jpa.open-in-view to disable this warning
2026-05-06 11:22:09 [restartedMain] INFO  org.apache.coyote.http11.Http11NioProtocol - Starting ProtocolHandler ["http-nio-8080"]
2026-05-06 11:22:09 [restartedMain] INFO  com.example.ecoProj.EcoProjApplication - Started EcoProjApplication in 18.73 seconds (process running for 453.985)
2026-05-06 11:22:24 [http-nio-8080-exec-2] INFO  org.apache.catalina.core.ContainerBase.[Tomcat-1].[localhost].[/] - Initializing Spring DispatcherServlet 'dispatcherServlet'
2026-05-06 11:22:24 [http-nio-8080-exec-2] DEBUG com.example.ecoProj.Service.JwtService - Extracting username from token
2026-05-06 11:22:24 [http-nio-8080-exec-2] DEBUG com.example.ecoProj.Service.JwtService - Generating signing key from secret
2026-05-06 11:22:24 [http-nio-8080-exec-2] INFO  com.example.ecoProj.config.JwtFilter - JWT found for user: dewan@gmail.com
2026-05-06 11:22:24 [http-nio-8080-exec-2] INFO  com.example.ecoProj.Service.MyUserDetailsService - Loading user by email: dewan@gmail.com
2026-05-06 11:22:24 [http-nio-8080-exec-2] INFO  com.example.ecoProj.Service.JwtService - Validating token for user: dewan@gmail.com
2026-05-06 11:22:24 [http-nio-8080-exec-2] DEBUG com.example.ecoProj.Service.JwtService - Extracting username from token
2026-05-06 11:22:24 [http-nio-8080-exec-2] DEBUG com.example.ecoProj.Service.JwtService - Generating signing key from secret
2026-05-06 11:22:24 [http-nio-8080-exec-2] DEBUG com.example.ecoProj.Service.JwtService - Extracting expiration from token
2026-05-06 11:22:24 [http-nio-8080-exec-2] DEBUG com.example.ecoProj.Service.JwtService - Generating signing key from secret
2026-05-06 11:22:24 [http-nio-8080-exec-2] INFO  com.example.ecoProj.Service.JwtService - Token is valid for user: dewan@gmail.com
2026-05-06 11:22:24 [http-nio-8080-exec-2] DEBUG com.example.ecoProj.model.MyUserDetail - Loading authorities for user: dewan@gmail.com
2026-05-06 11:22:24 [http-nio-8080-exec-2] DEBUG com.example.ecoProj.model.MyUserDetail - Adding permission: GET:/api/products
2026-05-06 11:22:24 [http-nio-8080-exec-2] DEBUG com.example.ecoProj.model.MyUserDetail - Adding permission: GET:/api/products/**
2026-05-06 11:22:24 [http-nio-8080-exec-2] DEBUG com.example.ecoProj.model.MyUserDetail - Adding permission: GET:/profile
2026-05-06 11:22:24 [http-nio-8080-exec-2] DEBUG com.example.ecoProj.model.MyUserDetail - Total authorities assigned: 4
2026-05-06 11:22:24 [http-nio-8080-exec-2] INFO  com.example.ecoProj.config.JwtFilter - User authenticated via JWT: dewan@gmail.com
2026-05-06 11:22:24 [http-nio-8080-exec-2] INFO  com.example.ecoProj.config.JwtFilter - Authorities: [ROLE_USER, GET:/api/products, GET:/api/products/**, GET:/profile]
2026-05-06 11:22:24 [http-nio-8080-exec-2] INFO  com.example.ecoProj.config.JwtFilter - Request: GET /delete-user
2026-05-06 11:22:24 [http-nio-8080-exec-2] WARN  com.example.ecoProj.config.JwtFilter - Access denied for user: dewan@gmail.com on GET:/delete-user
2026-05-06 11:22:34 [http-nio-8080-exec-3] DEBUG com.example.ecoProj.Service.JwtService - Extracting username from token
2026-05-06 11:22:34 [http-nio-8080-exec-3] DEBUG com.example.ecoProj.Service.JwtService - Generating signing key from secret
2026-05-06 11:22:34 [http-nio-8080-exec-3] INFO  com.example.ecoProj.config.JwtFilter - JWT found for user: dewan@gmail.com
2026-05-06 11:22:34 [http-nio-8080-exec-3] INFO  com.example.ecoProj.Service.MyUserDetailsService - Loading user by email: dewan@gmail.com
2026-05-06 11:22:34 [http-nio-8080-exec-3] INFO  com.example.ecoProj.Service.JwtService - Validating token for user: dewan@gmail.com
2026-05-06 11:22:34 [http-nio-8080-exec-3] DEBUG com.example.ecoProj.Service.JwtService - Extracting username from token
2026-05-06 11:22:34 [http-nio-8080-exec-3] DEBUG com.example.ecoProj.Service.JwtService - Generating signing key from secret
2026-05-06 11:22:34 [http-nio-8080-exec-3] DEBUG com.example.ecoProj.Service.JwtService - Extracting expiration from token
2026-05-06 11:22:34 [http-nio-8080-exec-3] DEBUG com.example.ecoProj.Service.JwtService - Generating signing key from secret
2026-05-06 11:22:34 [http-nio-8080-exec-3] INFO  com.example.ecoProj.Service.JwtService - Token is valid for user: dewan@gmail.com
2026-05-06 11:22:34 [http-nio-8080-exec-3] DEBUG com.example.ecoProj.model.MyUserDetail - Loading authorities for user: dewan@gmail.com
2026-05-06 11:22:34 [http-nio-8080-exec-3] DEBUG com.example.ecoProj.model.MyUserDetail - Adding permission: GET:/api/products
2026-05-06 11:22:34 [http-nio-8080-exec-3] DEBUG com.example.ecoProj.model.MyUserDetail - Adding permission: GET:/api/products/**
2026-05-06 11:22:34 [http-nio-8080-exec-3] DEBUG com.example.ecoProj.model.MyUserDetail - Adding permission: GET:/profile
2026-05-06 11:22:34 [http-nio-8080-exec-3] DEBUG com.example.ecoProj.model.MyUserDetail - Total authorities assigned: 4
2026-05-06 11:22:34 [http-nio-8080-exec-3] INFO  com.example.ecoProj.config.JwtFilter - User authenticated via JWT: dewan@gmail.com
2026-05-06 11:22:34 [http-nio-8080-exec-3] INFO  com.example.ecoProj.config.JwtFilter - Authorities: [ROLE_USER, GET:/api/products, GET:/api/products/**, GET:/profile]
2026-05-06 11:22:34 [http-nio-8080-exec-3] INFO  com.example.ecoProj.config.JwtFilter - Request: DELETE /delete-user
2026-05-06 11:22:34 [http-nio-8080-exec-3] WARN  com.example.ecoProj.config.JwtFilter - Access denied for user: dewan@gmail.com on DELETE:/delete-user
2026-05-06 11:23:04 [tomcat-shutdown] INFO  org.apache.coyote.http11.Http11NioProtocol - Pausing ProtocolHandler ["http-nio-8080"]
2026-05-06 11:23:06 [Thread-5] INFO  org.apache.coyote.http11.Http11NioProtocol - Stopping ProtocolHandler ["http-nio-8080"]
2026-05-06 11:23:06 [Thread-5] INFO  com.zaxxer.hikari.HikariDataSource - HikariPool-3 - Shutdown initiated...
2026-05-06 11:23:06 [Thread-5] INFO  com.zaxxer.hikari.HikariDataSource - HikariPool-3 - Shutdown completed.
2026-05-06 11:23:07 [restartedMain] INFO  com.example.ecoProj.EcoProjApplication - Starting EcoProjApplication using Java 17.0.12 with PID 11468 (C:\Users\Java Intern\Downloads\ecoProj\target\classes started by Java Intern in C:\Users\Java Intern\Downloads\ecoProj)
2026-05-06 11:23:07 [restartedMain] DEBUG com.example.ecoProj.EcoProjApplication - Running with Spring Boot v4.0.5, Spring v7.0.6
2026-05-06 11:23:07 [restartedMain] INFO  com.example.ecoProj.EcoProjApplication - No active profile set, falling back to 1 default profile: "default"
2026-05-06 11:23:09 [restartedMain] INFO  org.apache.coyote.http11.Http11NioProtocol - Initializing ProtocolHandler ["http-nio-8080"]
2026-05-06 11:23:09 [restartedMain] INFO  org.apache.catalina.core.StandardService - Starting service [Tomcat]
2026-05-06 11:23:09 [restartedMain] INFO  org.apache.catalina.core.StandardEngine - Starting Servlet engine: [Apache Tomcat/11.0.20]
2026-05-06 11:23:09 [restartedMain] INFO  org.hibernate.orm.jpa - HHH008540: Processing PersistenceUnitInfo [name: default]
2026-05-06 11:23:09 [restartedMain] INFO  com.zaxxer.hikari.HikariDataSource - HikariPool-4 - Starting...
2026-05-06 11:23:09 [restartedMain] INFO  com.zaxxer.hikari.pool.HikariPool - HikariPool-4 - Added connection com.mysql.cj.jdbc.ConnectionImpl@48217377
2026-05-06 11:23:09 [restartedMain] INFO  com.zaxxer.hikari.HikariDataSource - HikariPool-4 - Start completed.
2026-05-06 11:23:09 [restartedMain] INFO  org.hibernate.orm.connections.pooling - HHH10001005: Database info:
	Database JDBC URL [jdbc:mysql://localhost:3306/ecoProj_v2]
	Database driver: MySQL Connector/J
	Database dialect: MySQLDialect
	Database version: 8.0.45
	Default catalog/schema: ecoProj_v2/undefined
	Autocommit mode: undefined/unknown
	Isolation level: REPEATABLE_READ [default REPEATABLE_READ]
	JDBC fetch size: none
	Pool: DataSourceConnectionProvider
	Minimum pool size: undefined/unknown
	Maximum pool size: undefined/unknown
2026-05-06 11:23:10 [restartedMain] INFO  org.hibernate.orm.core - HHH000489: No JTA platform available (set 'hibernate.transaction.jta.platform' to enable JTA platform integration)
2026-05-06 11:23:10 [restartedMain] WARN  org.springframework.boot.web.server.servlet.context.AnnotationConfigServletWebServerApplicationContext - Exception encountered during context initialization - cancelling refresh attempt: org.springframework.beans.factory.BeanCreationException: Error creating bean with name 'securityConfig' defined in file [C:\Users\Java Intern\Downloads\ecoProj\target\classes\com\example\ecoProj\config\SecurityConfig.class]: Post-processing of merged bean definition failed
2026-05-06 11:23:10 [restartedMain] INFO  com.zaxxer.hikari.HikariDataSource - HikariPool-4 - Shutdown initiated...
2026-05-06 11:23:10 [restartedMain] INFO  com.zaxxer.hikari.HikariDataSource - HikariPool-4 - Shutdown completed.
2026-05-06 11:23:10 [restartedMain] INFO  org.apache.catalina.core.StandardService - Stopping service [Tomcat]
2026-05-06 11:23:10 [restartedMain] ERROR org.springframework.boot.SpringApplication - Application run failed
org.springframework.beans.factory.BeanCreationException: Error creating bean with name 'securityConfig' defined in file [C:\Users\Java Intern\Downloads\ecoProj\target\classes\com\example\ecoProj\config\SecurityConfig.class]: Post-processing of merged bean definition failed
	at org.springframework.beans.factory.support.AbstractAutowireCapableBeanFactory.doCreateBean(AbstractAutowireCapableBeanFactory.java:580)
	at org.springframework.beans.factory.support.AbstractAutowireCapableBeanFactory.createBean(AbstractAutowireCapableBeanFactory.java:525)
	at org.springframework.beans.factory.support.AbstractBeanFactory.lambda$doGetBean$0(AbstractBeanFactory.java:333)
	at org.springframework.beans.factory.support.DefaultSingletonBeanRegistry.getSingleton(DefaultSingletonBeanRegistry.java:371)
	at org.springframework.beans.factory.support.AbstractBeanFactory.doGetBean(AbstractBeanFactory.java:331)
	at org.springframework.beans.factory.support.AbstractBeanFactory.getBean(AbstractBeanFactory.java:196)
	at org.springframework.beans.factory.support.DefaultListableBeanFactory.instantiateSingleton(DefaultListableBeanFactory.java:1218)
	at org.springframework.beans.factory.support.DefaultListableBeanFactory.preInstantiateSingleton(DefaultListableBeanFactory.java:1184)
	at org.springframework.beans.factory.support.DefaultListableBeanFactory.preInstantiateSingletons(DefaultListableBeanFactory.java:1121)
	at org.springframework.context.support.AbstractApplicationContext.finishBeanFactoryInitialization(AbstractApplicationContext.java:994)
	at org.springframework.context.support.AbstractApplicationContext.refresh(AbstractApplicationContext.java:621)
	at org.springframework.boot.web.server.servlet.context.ServletWebServerApplicationContext.refresh(ServletWebServerApplicationContext.java:143)
	at org.springframework.boot.SpringApplication.refresh(SpringApplication.java:756)
	at org.springframework.boot.SpringApplication.refreshContext(SpringApplication.java:445)
	at org.springframework.boot.SpringApplication.run(SpringApplication.java:321)
	at org.springframework.boot.SpringApplication.run(SpringApplication.java:1365)
	at org.springframework.boot.SpringApplication.run(SpringApplication.java:1354)
	at com.example.ecoProj.EcoProjApplication.main(EcoProjApplication.java:10)
	at java.base/jdk.internal.reflect.NativeMethodAccessorImpl.invoke0(Native Method)
	at java.base/jdk.internal.reflect.NativeMethodAccessorImpl.invoke(NativeMethodAccessorImpl.java:77)
	at java.base/jdk.internal.reflect.DelegatingMethodAccessorImpl.invoke(DelegatingMethodAccessorImpl.java:43)
	at java.base/java.lang.reflect.Method.invoke(Method.java:568)
	at org.springframework.boot.devtools.restart.RestartLauncher.run(RestartLauncher.java:52)
Caused by: java.lang.IllegalStateException: Failed to introspect Class [com.example.ecoProj.config.SecurityConfig] from ClassLoader [org.springframework.boot.devtools.restart.classloader.RestartClassLoader@93f7c1e]
	at org.springframework.util.ReflectionUtils.getDeclaredFields(ReflectionUtils.java:756)
	at org.springframework.util.ReflectionUtils.doWithLocalFields(ReflectionUtils.java:689)
	at org.springframework.orm.jpa.support.PersistenceAnnotationBeanPostProcessor.buildPersistenceMetadata(PersistenceAnnotationBeanPostProcessor.java:430)
	at org.springframework.orm.jpa.support.PersistenceAnnotationBeanPostProcessor.findPersistenceMetadata(PersistenceAnnotationBeanPostProcessor.java:411)
	at org.springframework.orm.jpa.support.PersistenceAnnotationBeanPostProcessor.findInjectionMetadata(PersistenceAnnotationBeanPostProcessor.java:370)
	at org.springframework.orm.jpa.support.PersistenceAnnotationBeanPostProcessor.postProcessMergedBeanDefinition(PersistenceAnnotationBeanPostProcessor.java:347)
	at org.springframework.beans.factory.support.AbstractAutowireCapableBeanFactory.applyMergedBeanDefinitionPostProcessors(AbstractAutowireCapableBeanFactory.java:1114)
	at org.springframework.beans.factory.support.AbstractAutowireCapableBeanFactory.doCreateBean(AbstractAutowireCapableBeanFactory.java:577)
	... 22 more
Caused by: java.lang.NoClassDefFoundError: com/example/ecoProj/config/JwtFilter
	at java.base/java.lang.Class.getDeclaredFields0(Native Method)
	at java.base/java.lang.Class.privateGetDeclaredFields(Class.java:3297)
	at java.base/java.lang.Class.getDeclaredFields(Class.java:2371)
	at org.springframework.util.ReflectionUtils.getDeclaredFields(ReflectionUtils.java:751)
	... 29 more
Caused by: java.lang.ClassNotFoundException: com.example.ecoProj.config.JwtFilter
	at java.base/jdk.internal.loader.BuiltinClassLoader.loadClass(BuiltinClassLoader.java:641)
	at java.base/jdk.internal.loader.ClassLoaders$AppClassLoader.loadClass(ClassLoaders.java:188)
	at java.base/java.lang.ClassLoader.loadClass(ClassLoader.java:525)
	at java.base/java.lang.Class.forName0(Native Method)
	at java.base/java.lang.Class.forName(Class.java:467)
	at org.springframework.boot.devtools.restart.classloader.RestartClassLoader.loadClass(RestartClassLoader.java:123)
	at java.base/java.lang.ClassLoader.loadClass(ClassLoader.java:525)
	... 33 more
2026-05-06 11:23:20 [restartedMain] INFO  com.example.ecoProj.EcoProjApplication - Starting EcoProjApplication using Java 17.0.12 with PID 11468 (C:\Users\Java Intern\Downloads\ecoProj\target\classes started by Java Intern in C:\Users\Java Intern\Downloads\ecoProj)
2026-05-06 11:23:20 [restartedMain] DEBUG com.example.ecoProj.EcoProjApplication - Running with Spring Boot v4.0.5, Spring v7.0.6
2026-05-06 11:23:20 [restartedMain] INFO  com.example.ecoProj.EcoProjApplication - No active profile set, falling back to 1 default profile: "default"
2026-05-06 11:23:22 [restartedMain] INFO  org.apache.coyote.http11.Http11NioProtocol - Initializing ProtocolHandler ["http-nio-8080"]
2026-05-06 11:23:22 [restartedMain] INFO  org.apache.catalina.core.StandardService - Starting service [Tomcat]
2026-05-06 11:23:22 [restartedMain] INFO  org.apache.catalina.core.StandardEngine - Starting Servlet engine: [Apache Tomcat/11.0.20]
2026-05-06 11:23:23 [restartedMain] INFO  org.hibernate.orm.jpa - HHH008540: Processing PersistenceUnitInfo [name: default]
2026-05-06 11:23:23 [restartedMain] INFO  com.zaxxer.hikari.HikariDataSource - HikariPool-5 - Starting...
2026-05-06 11:23:23 [restartedMain] INFO  com.zaxxer.hikari.pool.HikariPool - HikariPool-5 - Added connection com.mysql.cj.jdbc.ConnectionImpl@1d2be4f5
2026-05-06 11:23:23 [restartedMain] INFO  com.zaxxer.hikari.HikariDataSource - HikariPool-5 - Start completed.
2026-05-06 11:23:23 [restartedMain] INFO  org.hibernate.orm.connections.pooling - HHH10001005: Database info:
	Database JDBC URL [jdbc:mysql://localhost:3306/ecoProj_v2]
	Database driver: MySQL Connector/J
	Database dialect: MySQLDialect
	Database version: 8.0.45
	Default catalog/schema: ecoProj_v2/undefined
	Autocommit mode: undefined/unknown
	Isolation level: REPEATABLE_READ [default REPEATABLE_READ]
	JDBC fetch size: none
	Pool: DataSourceConnectionProvider
	Minimum pool size: undefined/unknown
	Maximum pool size: undefined/unknown
2026-05-06 11:23:24 [restartedMain] INFO  org.hibernate.orm.core - HHH000489: No JTA platform available (set 'hibernate.transaction.jta.platform' to enable JTA platform integration)
2026-05-06 11:23:25 [restartedMain] DEBUG com.example.ecoProj.config.JwtFilter - Filter 'jwtFilter' configured for use
2026-05-06 11:23:26 [restartedMain] WARN  org.springframework.security.config.annotation.authentication.configuration.InitializeUserDetailsBeanManagerConfigurer$InitializeUserDetailsManagerConfigurer - Global AuthenticationManager configured with an AuthenticationProvider bean. UserDetailsService beans will not be used by Spring Security for automatically configuring username/password login. Consider removing the AuthenticationProvider bean. Alternatively, consider using the UserDetailsService in a manually instantiated DaoAuthenticationProvider. If the current configuration is intentional, to turn off this warning, increase the logging level of 'org.springframework.security.config.annotation.authentication.configuration.InitializeUserDetailsBeanManagerConfigurer' to ERROR
2026-05-06 11:23:26 [restartedMain] WARN  org.springframework.boot.jpa.autoconfigure.JpaBaseConfiguration$JpaWebConfiguration - spring.jpa.open-in-view is enabled by default. Therefore, database queries may be performed during view rendering. Explicitly configure spring.jpa.open-in-view to disable this warning
2026-05-06 11:23:27 [restartedMain] INFO  org.apache.coyote.http11.Http11NioProtocol - Starting ProtocolHandler ["http-nio-8080"]
2026-05-06 11:23:27 [restartedMain] INFO  com.example.ecoProj.EcoProjApplication - Started EcoProjApplication in 7.076 seconds (process running for 532.43)
