2026-05-07 11:57:11 [http-nio-8080-exec-2] INFO  org.apache.catalina.core.ContainerBase.[Tomcat].[localhost].[/] - Initializing Spring DispatcherServlet 'dispatcherServlet'
2026-05-07 11:57:11 [http-nio-8080-exec-2] INFO  com.example.ecoProj.config.JwtFilter - JWT found for user: madhan@gmail.com
2026-05-07 11:57:11 [http-nio-8080-exec-2] INFO  com.example.ecoProj.config.JwtFilter - User authenticated via JWT: madhan@gmail.com
2026-05-07 11:57:11 [http-nio-8080-exec-2] INFO  com.example.ecoProj.config.JwtFilter - Authorities: [ROLE_ADMIN, DELETE:/admin/user/**, GET:/user/products/**, PUT:/admin/product/**, POST:/admin/product, GET:/user/products, DELETE:/admin/product/**, GET:/user/profile]
2026-05-07 11:57:11 [http-nio-8080-exec-2] INFO  com.example.ecoProj.config.JwtFilter - Request: GET /user/profile
2026-05-07 11:57:15 [http-nio-8080-exec-3] INFO  com.example.ecoProj.config.JwtFilter - JWT found for user: madhan@gmail.com
2026-05-07 11:57:15 [http-nio-8080-exec-3] INFO  com.example.ecoProj.config.JwtFilter - User authenticated via JWT: madhan@gmail.com
2026-05-07 11:57:15 [http-nio-8080-exec-3] INFO  com.example.ecoProj.config.JwtFilter - Authorities: [ROLE_ADMIN, DELETE:/admin/user/**, GET:/user/products/**, PUT:/admin/product/**, POST:/admin/product, GET:/user/products, DELETE:/admin/product/**, GET:/user/profile]
2026-05-07 11:57:15 [http-nio-8080-exec-3] INFO  com.example.ecoProj.config.JwtFilter - Request: GET /admin/profile
2026-05-07 11:57:15 [http-nio-8080-exec-3] WARN  com.example.ecoProj.config.JwtFilter - Access denied for user: madhan@gmail.com on GET:/admin/profile
2026-05-07 11:57:42 [http-nio-8080-exec-5] INFO  com.example.ecoProj.Service.UserService - Authenticating user: madhan@gmail.com
2026-05-07 11:57:43 [http-nio-8080-exec-5] DEBUG com.example.ecoProj.model.MyUserDetail - Loading authorities for user: madhan@gmail.com
2026-05-07 11:57:43 [http-nio-8080-exec-5] DEBUG com.example.ecoProj.model.MyUserDetail - Added role: ROLE_ADMIN
2026-05-07 11:57:43 [http-nio-8080-exec-5] DEBUG com.example.ecoProj.model.MyUserDetail - Added permission: GET:/user/products
2026-05-07 11:57:43 [http-nio-8080-exec-5] DEBUG com.example.ecoProj.model.MyUserDetail - Added permission: GET:/user/profile
2026-05-07 11:57:43 [http-nio-8080-exec-5] DEBUG com.example.ecoProj.model.MyUserDetail - Added permission: GET:/user/products/**
2026-05-07 11:57:43 [http-nio-8080-exec-5] DEBUG com.example.ecoProj.model.MyUserDetail - Added permission: PUT:/admin/product/**
2026-05-07 11:57:43 [http-nio-8080-exec-5] DEBUG com.example.ecoProj.model.MyUserDetail - Added permission: POST:/admin/product
2026-05-07 11:57:43 [http-nio-8080-exec-5] DEBUG com.example.ecoProj.model.MyUserDetail - Added permission: DELETE:/admin/product/**
2026-05-07 11:57:43 [http-nio-8080-exec-5] DEBUG com.example.ecoProj.model.MyUserDetail - Added permission: DELETE:/admin/user/**
2026-05-07 11:57:43 [http-nio-8080-exec-5] DEBUG com.example.ecoProj.model.MyUserDetail - Added permission: GET:/admin/profile
2026-05-07 11:57:43 [http-nio-8080-exec-5] DEBUG com.example.ecoProj.model.MyUserDetail - Total unique authorities assigned: 9
2026-05-07 11:57:43 [http-nio-8080-exec-5] INFO  com.example.ecoProj.Service.UserService - User authenticated successfully: madhan@gmail.com
2026-05-07 11:57:43 [http-nio-8080-exec-5] DEBUG com.example.ecoProj.model.MyUserDetail - Loading authorities for user: madhan@gmail.com
2026-05-07 11:57:43 [http-nio-8080-exec-5] DEBUG com.example.ecoProj.model.MyUserDetail - Added role: ROLE_ADMIN
2026-05-07 11:57:43 [http-nio-8080-exec-5] DEBUG com.example.ecoProj.model.MyUserDetail - Added permission: GET:/user/products
2026-05-07 11:57:43 [http-nio-8080-exec-5] DEBUG com.example.ecoProj.model.MyUserDetail - Added permission: GET:/user/profile
2026-05-07 11:57:43 [http-nio-8080-exec-5] DEBUG com.example.ecoProj.model.MyUserDetail - Added permission: GET:/user/products/**
2026-05-07 11:57:43 [http-nio-8080-exec-5] DEBUG com.example.ecoProj.model.MyUserDetail - Added permission: PUT:/admin/product/**
2026-05-07 11:57:43 [http-nio-8080-exec-5] DEBUG com.example.ecoProj.model.MyUserDetail - Added permission: POST:/admin/product
2026-05-07 11:57:43 [http-nio-8080-exec-5] DEBUG com.example.ecoProj.model.MyUserDetail - Added permission: DELETE:/admin/product/**
2026-05-07 11:57:43 [http-nio-8080-exec-5] DEBUG com.example.ecoProj.model.MyUserDetail - Added permission: DELETE:/admin/user/**
2026-05-07 11:57:43 [http-nio-8080-exec-5] DEBUG com.example.ecoProj.model.MyUserDetail - Added permission: GET:/admin/profile
2026-05-07 11:57:43 [http-nio-8080-exec-5] DEBUG com.example.ecoProj.model.MyUserDetail - Total unique authorities assigned: 9
2026-05-07 11:57:43 [http-nio-8080-exec-5] INFO  com.example.ecoProj.Service.JwtService - Generating JWT token for user: madhan@gmail.com
2026-05-07 11:58:44 [http-nio-8080-exec-8] INFO  com.example.ecoProj.config.JwtFilter - JWT found for user: madhan@gmail.com
2026-05-07 11:58:44 [http-nio-8080-exec-8] INFO  com.example.ecoProj.config.JwtFilter - User authenticated via JWT: madhan@gmail.com
2026-05-07 11:58:44 [http-nio-8080-exec-8] INFO  com.example.ecoProj.config.JwtFilter - Authorities: [ROLE_ADMIN, DELETE:/admin/user/**, GET:/user/products/**, PUT:/admin/product/**, POST:/admin/product, GET:/user/products, DELETE:/admin/product/**, GET:/admin/profile, GET:/user/profile]
2026-05-07 11:58:44 [http-nio-8080-exec-8] INFO  com.example.ecoProj.config.JwtFilter - Request: GET /admin/profile
2026-05-07 11:59:00 [SpringApplicationShutdownHook] INFO  com.zaxxer.hikari.HikariDataSource - HikariPool-3 - Shutdown initiated...
2026-05-07 11:59:00 [SpringApplicationShutdownHook] INFO  com.zaxxer.hikari.HikariDataSource - HikariPool-3 - Shutdown completed.
